mode: atomic
github.com/Shopify/kubeaudit/internal/sarif/sarif.go:41.47,44.16 2 4
github.com/Shopify/kubeaudit/internal/sarif/sarif.go:49.2,53.25 3 4
github.com/Shopify/kubeaudit/internal/sarif/sarif.go:44.16,46.3 1 0
github.com/Shopify/kubeaudit/internal/sarif/sarif.go:57.64,60.57 2 3
github.com/Shopify/kubeaudit/internal/sarif/sarif.go:65.2,65.33 1 3
github.com/Shopify/kubeaudit/internal/sarif/sarif.go:60.57,63.3 2 3
github.com/Shopify/kubeaudit/internal/sarif/sarif.go:65.33,71.40 5 6
github.com/Shopify/kubeaudit/internal/sarif/sarif.go:75.3,93.41 3 6
github.com/Shopify/kubeaudit/internal/sarif/sarif.go:97.3,104.24 3 6
github.com/Shopify/kubeaudit/internal/sarif/sarif.go:71.40,73.4 1 2
github.com/Shopify/kubeaudit/internal/sarif/sarif.go:93.41,95.4 1 0
