mode: atomic
github.com/Shopify/kubeaudit/cmd/capabilities.go:38.74,40.36 2 27
github.com/Shopify/kubeaudit/cmd/capabilities.go:49.2,51.16 3 27
github.com/Shopify/kubeaudit/cmd/capabilities.go:54.2,55.33 2 27
github.com/Shopify/kubeaudit/cmd/capabilities.go:58.2,58.8 1 27
github.com/Shopify/kubeaudit/cmd/capabilities.go:40.36,41.61 1 0
github.com/Shopify/kubeaudit/cmd/capabilities.go:44.3,45.17 2 0
github.com/Shopify/kubeaudit/cmd/capabilities.go:41.61,43.4 1 0
github.com/Shopify/kubeaudit/cmd/capabilities.go:45.17,47.4 1 0
github.com/Shopify/kubeaudit/cmd/capabilities.go:51.16,53.3 1 0
github.com/Shopify/kubeaudit/cmd/capabilities.go:55.33,57.3 1 378
github.com/Shopify/kubeaudit/cmd/capabilities.go:61.63,65.87 4 26
github.com/Shopify/kubeaudit/cmd/capabilities.go:75.2,77.28 3 26
github.com/Shopify/kubeaudit/cmd/capabilities.go:81.2,82.16 2 26
github.com/Shopify/kubeaudit/cmd/capabilities.go:92.2,92.17 1 26
github.com/Shopify/kubeaudit/cmd/capabilities.go:95.2,95.85 1 26
github.com/Shopify/kubeaudit/cmd/capabilities.go:65.87,68.85 2 15
github.com/Shopify/kubeaudit/cmd/capabilities.go:68.85,70.4 1 1
github.com/Shopify/kubeaudit/cmd/capabilities.go:70.9,72.4 1 14
github.com/Shopify/kubeaudit/cmd/capabilities.go:77.28,79.3 1 6
github.com/Shopify/kubeaudit/cmd/capabilities.go:82.16,91.3 3 0
github.com/Shopify/kubeaudit/cmd/capabilities.go:92.17,94.3 1 1
github.com/Shopify/kubeaudit/cmd/capabilities.go:95.85,96.57 1 374
github.com/Shopify/kubeaudit/cmd/capabilities.go:96.57,105.4 2 210
github.com/Shopify/kubeaudit/cmd/capabilities.go:105.9,105.41 1 164
github.com/Shopify/kubeaudit/cmd/capabilities.go:105.41,114.4 2 6
github.com/Shopify/kubeaudit/cmd/capabilities.go:114.9,114.79 1 158
github.com/Shopify/kubeaudit/cmd/capabilities.go:114.79,126.4 2 4
github.com/Shopify/kubeaudit/cmd/capabilities.go:126.9,126.80 1 154
github.com/Shopify/kubeaudit/cmd/capabilities.go:126.80,138.4 2 2
github.com/Shopify/kubeaudit/cmd/capabilities.go:142.62,143.52 1 27
github.com/Shopify/kubeaudit/cmd/capabilities.go:155.2,155.8 1 27
github.com/Shopify/kubeaudit/cmd/capabilities.go:143.52,145.17 2 26
github.com/Shopify/kubeaudit/cmd/capabilities.go:150.3,151.34 2 26
github.com/Shopify/kubeaudit/cmd/capabilities.go:145.17,148.4 2 0
github.com/Shopify/kubeaudit/cmd/capabilities.go:151.34,153.4 1 25
github.com/Shopify/kubeaudit/cmd/capabilities.go:176.13,178.2 1 1
github.com/Shopify/kubeaudit/cmd/privileged.go:8.61,9.85 1 23
github.com/Shopify/kubeaudit/cmd/privileged.go:45.2,45.8 1 23
github.com/Shopify/kubeaudit/cmd/privileged.go:9.85,17.3 2 15
github.com/Shopify/kubeaudit/cmd/privileged.go:17.8,17.90 1 8
github.com/Shopify/kubeaudit/cmd/privileged.go:17.90,18.52 1 4
github.com/Shopify/kubeaudit/cmd/privileged.go:18.52,27.4 2 2
github.com/Shopify/kubeaudit/cmd/privileged.go:27.9,35.4 2 2
github.com/Shopify/kubeaudit/cmd/privileged.go:36.8,36.58 1 4
github.com/Shopify/kubeaudit/cmd/privileged.go:36.58,44.3 2 4
github.com/Shopify/kubeaudit/cmd/privileged.go:48.60,49.52 1 24
github.com/Shopify/kubeaudit/cmd/privileged.go:61.2,61.8 1 24
github.com/Shopify/kubeaudit/cmd/privileged.go:49.52,51.17 2 23
github.com/Shopify/kubeaudit/cmd/privileged.go:56.3,57.34 2 23
github.com/Shopify/kubeaudit/cmd/privileged.go:51.17,54.4 2 0
github.com/Shopify/kubeaudit/cmd/privileged.go:57.34,59.4 1 23
github.com/Shopify/kubeaudit/cmd/privileged.go:78.13,80.2 1 1
github.com/Shopify/kubeaudit/cmd/privileged_fixes.go:3.71,5.52 2 12
github.com/Shopify/kubeaudit/cmd/privileged_fixes.go:11.2,11.44 1 12
github.com/Shopify/kubeaudit/cmd/privileged_fixes.go:5.52,6.45 1 20
github.com/Shopify/kubeaudit/cmd/privileged_fixes.go:9.3,9.45 1 20
github.com/Shopify/kubeaudit/cmd/privileged_fixes.go:6.45,8.4 1 12
github.com/Shopify/kubeaudit/cmd/networkPolicies_fixes.go:3.74,6.66 3 3
github.com/Shopify/kubeaudit/cmd/networkPolicies_fixes.go:9.2,9.65 1 3
github.com/Shopify/kubeaudit/cmd/networkPolicies_fixes.go:12.2,12.75 1 3
github.com/Shopify/kubeaudit/cmd/networkPolicies_fixes.go:15.2,15.12 1 3
github.com/Shopify/kubeaudit/cmd/networkPolicies_fixes.go:6.66,8.3 1 0
github.com/Shopify/kubeaudit/cmd/networkPolicies_fixes.go:9.65,11.3 1 0
github.com/Shopify/kubeaudit/cmd/networkPolicies_fixes.go:12.75,14.3 1 3
github.com/Shopify/kubeaudit/cmd/seccomp.go:13.54,18.11 4 21
github.com/Shopify/kubeaudit/cmd/seccomp.go:49.2,49.52 1 19
github.com/Shopify/kubeaudit/cmd/seccomp.go:18.11,19.40 1 7
github.com/Shopify/kubeaudit/cmd/seccomp.go:34.3,34.64 1 5
github.com/Shopify/kubeaudit/cmd/seccomp.go:19.40,32.4 3 2
github.com/Shopify/kubeaudit/cmd/seccomp.go:34.64,46.4 2 1
github.com/Shopify/kubeaudit/cmd/seccomp.go:49.52,53.29 3 24
github.com/Shopify/kubeaudit/cmd/seccomp.go:64.3,64.61 1 11
github.com/Shopify/kubeaudit/cmd/seccomp.go:79.3,79.85 1 6
github.com/Shopify/kubeaudit/cmd/seccomp.go:53.29,61.12 3 13
github.com/Shopify/kubeaudit/cmd/seccomp.go:64.61,76.12 3 5
github.com/Shopify/kubeaudit/cmd/seccomp.go:79.85,91.4 2 1
github.com/Shopify/kubeaudit/cmd/seccomp.go:95.53,96.9 1 30
github.com/Shopify/kubeaudit/cmd/seccomp.go:97.57,98.15 1 13
github.com/Shopify/kubeaudit/cmd/seccomp.go:99.66,100.15 1 2
github.com/Shopify/kubeaudit/cmd/seccomp.go:101.57,102.15 1 4
github.com/Shopify/kubeaudit/cmd/seccomp.go:103.10,104.14 1 11
github.com/Shopify/kubeaudit/cmd/seccomp.go:108.57,110.16 2 23
github.com/Shopify/kubeaudit/cmd/seccomp.go:115.2,117.33 2 21
github.com/Shopify/kubeaudit/cmd/seccomp.go:121.2,121.8 1 21
github.com/Shopify/kubeaudit/cmd/seccomp.go:110.16,113.3 2 2
github.com/Shopify/kubeaudit/cmd/seccomp.go:117.33,119.3 1 16
github.com/Shopify/kubeaudit/cmd/seccomp.go:138.13,140.2 1 1
github.com/Shopify/kubeaudit/cmd/all.go:23.13,25.2 1 1
github.com/Shopify/kubeaudit/cmd/allowPrivilegeEscalation.go:8.75,9.93 1 25
github.com/Shopify/kubeaudit/cmd/allowPrivilegeEscalation.go:46.2,46.8 1 25
github.com/Shopify/kubeaudit/cmd/allowPrivilegeEscalation.go:9.93,10.100 1 19
github.com/Shopify/kubeaudit/cmd/allowPrivilegeEscalation.go:10.100,18.4 2 12
github.com/Shopify/kubeaudit/cmd/allowPrivilegeEscalation.go:18.9,18.73 1 7
github.com/Shopify/kubeaudit/cmd/allowPrivilegeEscalation.go:18.73,26.4 2 3
github.com/Shopify/kubeaudit/cmd/allowPrivilegeEscalation.go:27.8,27.169 1 6
github.com/Shopify/kubeaudit/cmd/allowPrivilegeEscalation.go:27.169,36.3 2 3
github.com/Shopify/kubeaudit/cmd/allowPrivilegeEscalation.go:36.8,45.3 2 3
github.com/Shopify/kubeaudit/cmd/allowPrivilegeEscalation.go:49.74,50.52 1 26
github.com/Shopify/kubeaudit/cmd/allowPrivilegeEscalation.go:62.2,62.8 1 26
github.com/Shopify/kubeaudit/cmd/allowPrivilegeEscalation.go:50.52,52.17 2 25
github.com/Shopify/kubeaudit/cmd/allowPrivilegeEscalation.go:57.3,58.34 2 25
github.com/Shopify/kubeaudit/cmd/allowPrivilegeEscalation.go:52.17,55.4 2 0
github.com/Shopify/kubeaudit/cmd/allowPrivilegeEscalation.go:58.34,60.4 1 21
github.com/Shopify/kubeaudit/cmd/allowPrivilegeEscalation.go:78.13,80.2 1 1
github.com/Shopify/kubeaudit/cmd/appArmor.go:23.55,26.52 2 15
github.com/Shopify/kubeaudit/cmd/appArmor.go:26.52,30.10 3 16
github.com/Shopify/kubeaudit/cmd/appArmor.go:41.3,41.47 1 3
github.com/Shopify/kubeaudit/cmd/appArmor.go:30.10,38.12 3 13
github.com/Shopify/kubeaudit/cmd/appArmor.go:41.47,53.4 2 2
github.com/Shopify/kubeaudit/cmd/appArmor.go:57.54,59.2 1 12
github.com/Shopify/kubeaudit/cmd/appArmor.go:61.58,63.16 2 17
github.com/Shopify/kubeaudit/cmd/appArmor.go:68.2,70.33 2 15
github.com/Shopify/kubeaudit/cmd/appArmor.go:74.2,74.8 1 15
github.com/Shopify/kubeaudit/cmd/appArmor.go:63.16,66.3 2 2
github.com/Shopify/kubeaudit/cmd/appArmor.go:70.33,72.3 1 11
github.com/Shopify/kubeaudit/cmd/appArmor.go:91.13,93.2 1 1
github.com/Shopify/kubeaudit/cmd/autofix_util.go:12.40,18.2 1 10
github.com/Shopify/kubeaudit/cmd/autofix_util.go:20.75,23.48 2 94
github.com/Shopify/kubeaudit/cmd/autofix_util.go:51.2,51.17 1 94
github.com/Shopify/kubeaudit/cmd/autofix_util.go:23.48,24.24 1 245
github.com/Shopify/kubeaudit/cmd/autofix_util.go:25.76,26.64 1 7
github.com/Shopify/kubeaudit/cmd/autofix_util.go:27.34,28.60 1 151
github.com/Shopify/kubeaudit/cmd/autofix_util.go:29.29,30.55 1 3
github.com/Shopify/kubeaudit/cmd/autofix_util.go:31.48,32.50 1 12
github.com/Shopify/kubeaudit/cmd/autofix_util.go:33.73,34.62 1 11
github.com/Shopify/kubeaudit/cmd/autofix_util.go:35.110,36.52 1 12
github.com/Shopify/kubeaudit/cmd/autofix_util.go:37.43,38.52 1 1
github.com/Shopify/kubeaudit/cmd/autofix_util.go:39.102,40.47 1 7
github.com/Shopify/kubeaudit/cmd/autofix_util.go:41.62,42.36 1 11
github.com/Shopify/kubeaudit/cmd/autofix_util.go:44.28,45.35 1 14
github.com/Shopify/kubeaudit/cmd/autofix_util.go:46.150,47.53 1 3
github.com/Shopify/kubeaudit/cmd/autofix_util.go:54.71,64.48 4 94
github.com/Shopify/kubeaudit/cmd/autofix_util.go:68.2,68.49 1 94
github.com/Shopify/kubeaudit/cmd/autofix_util.go:75.2,75.46 1 94
github.com/Shopify/kubeaudit/cmd/autofix_util.go:82.2,82.17 1 94
github.com/Shopify/kubeaudit/cmd/autofix_util.go:64.48,66.3 1 245
github.com/Shopify/kubeaudit/cmd/autofix_util.go:68.49,69.31 1 931
github.com/Shopify/kubeaudit/cmd/autofix_util.go:69.31,71.9 2 70
github.com/Shopify/kubeaudit/cmd/autofix_util.go:75.46,76.31 1 256
github.com/Shopify/kubeaudit/cmd/autofix_util.go:76.31,78.9 2 20
github.com/Shopify/kubeaudit/cmd/autofix_util.go:85.87,86.37 1 9
github.com/Shopify/kubeaudit/cmd/autofix_util.go:105.2,105.8 1 9
github.com/Shopify/kubeaudit/cmd/autofix_util.go:86.37,87.41 1 13
github.com/Shopify/kubeaudit/cmd/autofix_util.go:91.3,92.34 2 10
github.com/Shopify/kubeaudit/cmd/autofix_util.go:103.3,103.52 1 10
github.com/Shopify/kubeaudit/cmd/autofix_util.go:87.41,89.12 2 3
github.com/Shopify/kubeaudit/cmd/autofix_util.go:92.34,93.33 1 59
github.com/Shopify/kubeaudit/cmd/autofix_util.go:93.33,96.40 2 3
github.com/Shopify/kubeaudit/cmd/autofix_util.go:96.40,98.6 1 3
github.com/Shopify/kubeaudit/cmd/autofix_util.go:99.10,101.5 1 56
github.com/Shopify/kubeaudit/cmd/autofix_util.go:121.45,123.45 1 852
github.com/Shopify/kubeaudit/cmd/autofix_util.go:131.2,131.50 1 851
github.com/Shopify/kubeaudit/cmd/autofix_util.go:139.2,139.42 1 849
github.com/Shopify/kubeaudit/cmd/autofix_util.go:170.2,170.48 1 823
github.com/Shopify/kubeaudit/cmd/autofix_util.go:193.2,193.21 1 810
github.com/Shopify/kubeaudit/cmd/autofix_util.go:123.45,124.46 1 1
github.com/Shopify/kubeaudit/cmd/autofix_util.go:127.3,127.15 1 0
github.com/Shopify/kubeaudit/cmd/autofix_util.go:124.46,126.4 1 1
github.com/Shopify/kubeaudit/cmd/autofix_util.go:131.50,132.51 1 2
github.com/Shopify/kubeaudit/cmd/autofix_util.go:135.3,135.15 1 0
github.com/Shopify/kubeaudit/cmd/autofix_util.go:132.51,134.4 1 2
github.com/Shopify/kubeaudit/cmd/autofix_util.go:139.42,140.43 1 26
github.com/Shopify/kubeaudit/cmd/autofix_util.go:166.3,166.15 1 0
github.com/Shopify/kubeaudit/cmd/autofix_util.go:140.43,142.31 2 26
github.com/Shopify/kubeaudit/cmd/autofix_util.go:147.4,147.31 1 26
github.com/Shopify/kubeaudit/cmd/autofix_util.go:152.4,152.32 1 26
github.com/Shopify/kubeaudit/cmd/autofix_util.go:155.4,155.31 1 26
github.com/Shopify/kubeaudit/cmd/autofix_util.go:164.4,164.15 1 24
github.com/Shopify/kubeaudit/cmd/autofix_util.go:142.31,143.26 1 47
github.com/Shopify/kubeaudit/cmd/autofix_util.go:143.26,145.6 1 46
github.com/Shopify/kubeaudit/cmd/autofix_util.go:147.31,148.26 1 47
github.com/Shopify/kubeaudit/cmd/autofix_util.go:148.26,150.6 1 46
github.com/Shopify/kubeaudit/cmd/autofix_util.go:152.32,154.5 1 0
github.com/Shopify/kubeaudit/cmd/autofix_util.go:155.31,156.25 1 47
github.com/Shopify/kubeaudit/cmd/autofix_util.go:159.5,160.61 2 46
github.com/Shopify/kubeaudit/cmd/autofix_util.go:156.25,157.14 1 1
github.com/Shopify/kubeaudit/cmd/autofix_util.go:160.61,162.6 1 2
github.com/Shopify/kubeaudit/cmd/autofix_util.go:170.48,171.49 1 13
github.com/Shopify/kubeaudit/cmd/autofix_util.go:190.3,190.15 1 0
github.com/Shopify/kubeaudit/cmd/autofix_util.go:171.49,174.39 3 13
github.com/Shopify/kubeaudit/cmd/autofix_util.go:188.4,188.15 1 11
github.com/Shopify/kubeaudit/cmd/autofix_util.go:174.39,175.50 1 15
github.com/Shopify/kubeaudit/cmd/autofix_util.go:178.5,178.50 1 15
github.com/Shopify/kubeaudit/cmd/autofix_util.go:181.5,182.57 1 15
github.com/Shopify/kubeaudit/cmd/autofix_util.go:185.5,186.13 2 13
github.com/Shopify/kubeaudit/cmd/autofix_util.go:175.50,177.6 1 0
github.com/Shopify/kubeaudit/cmd/autofix_util.go:178.50,180.6 1 0
github.com/Shopify/kubeaudit/cmd/autofix_util.go:182.57,184.6 1 2
github.com/Shopify/kubeaudit/cmd/autofix_util.go:197.38,199.37 1 185
github.com/Shopify/kubeaudit/cmd/autofix_util.go:205.2,205.42 1 35
github.com/Shopify/kubeaudit/cmd/autofix_util.go:209.2,209.14 1 0
github.com/Shopify/kubeaudit/cmd/autofix_util.go:199.37,202.3 2 150
github.com/Shopify/kubeaudit/cmd/autofix_util.go:205.42,207.3 1 35
github.com/Shopify/kubeaudit/cmd/autofix_util.go:213.62,214.66 1 65
github.com/Shopify/kubeaudit/cmd/autofix_util.go:219.2,219.14 1 15
github.com/Shopify/kubeaudit/cmd/autofix_util.go:214.66,215.67 1 50
github.com/Shopify/kubeaudit/cmd/autofix_util.go:215.67,217.4 1 50
github.com/Shopify/kubeaudit/cmd/autofix_util.go:225.60,227.16 2 5
github.com/Shopify/kubeaudit/cmd/autofix_util.go:230.2,231.16 2 5
github.com/Shopify/kubeaudit/cmd/autofix_util.go:234.2,235.16 2 5
github.com/Shopify/kubeaudit/cmd/autofix_util.go:238.2,239.16 2 5
github.com/Shopify/kubeaudit/cmd/autofix_util.go:244.2,245.87 2 5
github.com/Shopify/kubeaudit/cmd/autofix_util.go:248.2,260.16 7 5
github.com/Shopify/kubeaudit/cmd/autofix_util.go:264.2,264.18 1 5
github.com/Shopify/kubeaudit/cmd/autofix_util.go:227.16,229.3 1 0
github.com/Shopify/kubeaudit/cmd/autofix_util.go:231.16,233.3 1 0
github.com/Shopify/kubeaudit/cmd/autofix_util.go:235.16,237.3 1 0
github.com/Shopify/kubeaudit/cmd/autofix_util.go:239.16,241.3 1 0
github.com/Shopify/kubeaudit/cmd/autofix_util.go:245.87,247.3 1 5
github.com/Shopify/kubeaudit/cmd/autofix_util.go:260.16,262.3 1 0
github.com/Shopify/kubeaudit/cmd/autofix_util.go:272.72,276.33 2 65
github.com/Shopify/kubeaudit/cmd/autofix_util.go:284.2,284.39 1 65
github.com/Shopify/kubeaudit/cmd/autofix_util.go:307.2,307.20 1 65
github.com/Shopify/kubeaudit/cmd/autofix_util.go:276.33,277.91 1 121
github.com/Shopify/kubeaudit/cmd/autofix_util.go:277.91,279.12 2 120
github.com/Shopify/kubeaudit/cmd/autofix_util.go:284.39,286.28 2 134
github.com/Shopify/kubeaudit/cmd/autofix_util.go:291.3,292.58 2 112
github.com/Shopify/kubeaudit/cmd/autofix_util.go:298.3,298.64 1 73
github.com/Shopify/kubeaudit/cmd/autofix_util.go:304.3,304.37 1 57
github.com/Shopify/kubeaudit/cmd/autofix_util.go:286.28,288.12 2 22
github.com/Shopify/kubeaudit/cmd/autofix_util.go:292.58,293.59 1 39
github.com/Shopify/kubeaudit/cmd/autofix_util.go:293.59,295.13 2 39
github.com/Shopify/kubeaudit/cmd/autofix_util.go:298.64,299.65 1 16
github.com/Shopify/kubeaudit/cmd/autofix_util.go:299.65,301.13 2 16
github.com/Shopify/kubeaudit/cmd/autofix_util.go:315.104,319.33 2 16
github.com/Shopify/kubeaudit/cmd/autofix_util.go:326.2,326.39 1 16
github.com/Shopify/kubeaudit/cmd/autofix_util.go:343.2,343.20 1 16
github.com/Shopify/kubeaudit/cmd/autofix_util.go:319.33,320.100 1 24
github.com/Shopify/kubeaudit/cmd/autofix_util.go:320.100,322.4 1 20
github.com/Shopify/kubeaudit/cmd/autofix_util.go:326.39,328.28 2 48
github.com/Shopify/kubeaudit/cmd/autofix_util.go:333.3,334.51 2 19
github.com/Shopify/kubeaudit/cmd/autofix_util.go:340.3,340.37 1 4
github.com/Shopify/kubeaudit/cmd/autofix_util.go:328.28,330.12 2 29
github.com/Shopify/kubeaudit/cmd/autofix_util.go:334.51,335.52 1 15
github.com/Shopify/kubeaudit/cmd/autofix_util.go:335.52,337.13 2 15
github.com/Shopify/kubeaudit/cmd/autofix_util.go:347.83,348.29 1 423
github.com/Shopify/kubeaudit/cmd/autofix_util.go:353.2,353.27 1 49
github.com/Shopify/kubeaudit/cmd/autofix_util.go:348.29,349.50 1 758
github.com/Shopify/kubeaudit/cmd/autofix_util.go:349.50,351.4 1 374
github.com/Shopify/kubeaudit/cmd/autofix_util.go:358.120,359.29 1 75
github.com/Shopify/kubeaudit/cmd/autofix_util.go:364.2,364.32 1 35
github.com/Shopify/kubeaudit/cmd/autofix_util.go:359.29,360.69 1 254
github.com/Shopify/kubeaudit/cmd/autofix_util.go:360.69,362.4 1 40
github.com/Shopify/kubeaudit/cmd/autofix_util.go:423.81,424.28 1 257
github.com/Shopify/kubeaudit/cmd/autofix_util.go:428.2,430.18 3 53
github.com/Shopify/kubeaudit/cmd/autofix_util.go:434.2,434.21 1 49
github.com/Shopify/kubeaudit/cmd/autofix_util.go:586.2,586.50 1 28
github.com/Shopify/kubeaudit/cmd/autofix_util.go:596.2,596.30 1 0
github.com/Shopify/kubeaudit/cmd/autofix_util.go:425.25,426.36 1 204
github.com/Shopify/kubeaudit/cmd/autofix_util.go:430.18,432.3 1 4
github.com/Shopify/kubeaudit/cmd/autofix_util.go:437.40,438.43 1 2
github.com/Shopify/kubeaudit/cmd/autofix_util.go:441.3,441.40 1 0
github.com/Shopify/kubeaudit/cmd/autofix_util.go:444.17,445.77 1 2
github.com/Shopify/kubeaudit/cmd/autofix_util.go:450.3,450.74 1 1
github.com/Shopify/kubeaudit/cmd/autofix_util.go:455.3,455.15 1 1
github.com/Shopify/kubeaudit/cmd/autofix_util.go:462.15,465.38 1 0
github.com/Shopify/kubeaudit/cmd/autofix_util.go:469.3,469.42 1 0
github.com/Shopify/kubeaudit/cmd/autofix_util.go:472.27,477.51 1 0
github.com/Shopify/kubeaudit/cmd/autofix_util.go:480.3,480.49 1 0
github.com/Shopify/kubeaudit/cmd/autofix_util.go:483.25,484.38 1 0
github.com/Shopify/kubeaudit/cmd/autofix_util.go:487.3,487.42 1 0
github.com/Shopify/kubeaudit/cmd/autofix_util.go:492.57,502.45 1 0
github.com/Shopify/kubeaudit/cmd/autofix_util.go:507.3,507.53 1 0
github.com/Shopify/kubeaudit/cmd/autofix_util.go:512.15,514.48 1 11
github.com/Shopify/kubeaudit/cmd/autofix_util.go:519.3,519.42 1 8
github.com/Shopify/kubeaudit/cmd/autofix_util.go:525.15,528.44 1 6
github.com/Shopify/kubeaudit/cmd/autofix_util.go:532.3,532.39 1 6
github.com/Shopify/kubeaudit/cmd/autofix_util.go:536.3,536.42 1 0
github.com/Shopify/kubeaudit/cmd/autofix_util.go:539.17,541.74 1 0
github.com/Shopify/kubeaudit/cmd/autofix_util.go:548.3,548.76 1 0
github.com/Shopify/kubeaudit/cmd/autofix_util.go:555.3,555.71 1 0
github.com/Shopify/kubeaudit/cmd/autofix_util.go:562.3,562.84 1 0
github.com/Shopify/kubeaudit/cmd/autofix_util.go:567.3,567.15 1 0
github.com/Shopify/kubeaudit/cmd/autofix_util.go:570.13,571.45 1 0
github.com/Shopify/kubeaudit/cmd/autofix_util.go:574.3,574.43 1 0
github.com/Shopify/kubeaudit/cmd/autofix_util.go:577.30,578.73 1 0
github.com/Shopify/kubeaudit/cmd/autofix_util.go:583.3,583.15 1 0
github.com/Shopify/kubeaudit/cmd/autofix_util.go:438.43,440.4 1 2
github.com/Shopify/kubeaudit/cmd/autofix_util.go:445.77,446.78 1 2
github.com/Shopify/kubeaudit/cmd/autofix_util.go:446.78,448.5 1 1
github.com/Shopify/kubeaudit/cmd/autofix_util.go:450.74,451.75 1 0
github.com/Shopify/kubeaudit/cmd/autofix_util.go:451.75,453.5 1 0
github.com/Shopify/kubeaudit/cmd/autofix_util.go:465.38,467.4 1 0
github.com/Shopify/kubeaudit/cmd/autofix_util.go:477.51,479.4 1 0
github.com/Shopify/kubeaudit/cmd/autofix_util.go:484.38,486.4 1 0
github.com/Shopify/kubeaudit/cmd/autofix_util.go:502.45,504.4 1 0
github.com/Shopify/kubeaudit/cmd/autofix_util.go:514.48,516.4 1 3
github.com/Shopify/kubeaudit/cmd/autofix_util.go:528.44,530.4 1 0
github.com/Shopify/kubeaudit/cmd/autofix_util.go:532.39,534.4 1 6
github.com/Shopify/kubeaudit/cmd/autofix_util.go:541.74,542.75 1 0
github.com/Shopify/kubeaudit/cmd/autofix_util.go:545.4,545.16 1 0
github.com/Shopify/kubeaudit/cmd/autofix_util.go:542.75,544.5 1 0
github.com/Shopify/kubeaudit/cmd/autofix_util.go:548.76,549.77 1 0
github.com/Shopify/kubeaudit/cmd/autofix_util.go:552.4,552.16 1 0
github.com/Shopify/kubeaudit/cmd/autofix_util.go:549.77,551.5 1 0
github.com/Shopify/kubeaudit/cmd/autofix_util.go:555.71,556.72 1 0
github.com/Shopify/kubeaudit/cmd/autofix_util.go:559.4,559.16 1 0
github.com/Shopify/kubeaudit/cmd/autofix_util.go:556.72,558.5 1 0
github.com/Shopify/kubeaudit/cmd/autofix_util.go:562.84,563.85 1 0
github.com/Shopify/kubeaudit/cmd/autofix_util.go:563.85,565.5 1 0
github.com/Shopify/kubeaudit/cmd/autofix_util.go:571.45,573.4 1 0
github.com/Shopify/kubeaudit/cmd/autofix_util.go:578.73,579.74 1 0
github.com/Shopify/kubeaudit/cmd/autofix_util.go:579.74,581.5 1 0
github.com/Shopify/kubeaudit/cmd/autofix_util.go:586.50,588.3 1 28
github.com/Shopify/kubeaudit/cmd/autofix_util.go:602.112,605.16 2 3
github.com/Shopify/kubeaudit/cmd/autofix_util.go:609.2,610.16 2 3
github.com/Shopify/kubeaudit/cmd/autofix_util.go:614.2,614.28 1 3
github.com/Shopify/kubeaudit/cmd/autofix_util.go:631.2,631.33 1 0
github.com/Shopify/kubeaudit/cmd/autofix_util.go:605.16,608.3 2 0
github.com/Shopify/kubeaudit/cmd/autofix_util.go:610.16,613.3 2 0
github.com/Shopify/kubeaudit/cmd/autofix_util.go:614.28,615.32 1 3
github.com/Shopify/kubeaudit/cmd/autofix_util.go:618.3,621.17 3 3
github.com/Shopify/kubeaudit/cmd/autofix_util.go:615.32,617.4 1 0
github.com/Shopify/kubeaudit/cmd/autofix_util.go:621.17,623.18 2 3
github.com/Shopify/kubeaudit/cmd/autofix_util.go:626.4,627.34 2 3
github.com/Shopify/kubeaudit/cmd/autofix_util.go:623.18,625.5 1 0
github.com/Shopify/kubeaudit/cmd/cap_set.go:9.60,11.28 2 31
github.com/Shopify/kubeaudit/cmd/cap_set.go:14.2,14.8 1 31
github.com/Shopify/kubeaudit/cmd/cap_set.go:11.28,13.3 1 162
github.com/Shopify/kubeaudit/cmd/cap_set.go:17.51,19.27 2 27
github.com/Shopify/kubeaudit/cmd/cap_set.go:24.2,24.8 1 27
github.com/Shopify/kubeaudit/cmd/cap_set.go:19.27,20.25 1 106
github.com/Shopify/kubeaudit/cmd/cap_set.go:20.25,22.4 1 534
github.com/Shopify/kubeaudit/cmd/cap_set.go:27.56,29.26 2 27
github.com/Shopify/kubeaudit/cmd/cap_set.go:32.2,34.27 2 27
github.com/Shopify/kubeaudit/cmd/cap_set.go:37.2,37.8 1 27
github.com/Shopify/kubeaudit/cmd/cap_set.go:29.26,31.3 1 377
github.com/Shopify/kubeaudit/cmd/cap_set.go:34.27,36.3 1 377
github.com/Shopify/kubeaudit/cmd/kubernetes.go:27.61,29.2 1 0
github.com/Shopify/kubeaudit/cmd/kubernetes.go:34.50,36.2 1 1
github.com/Shopify/kubeaudit/cmd/kubernetes.go:38.63,40.16 2 1
github.com/Shopify/kubeaudit/cmd/kubernetes.go:43.2,44.18 2 0
github.com/Shopify/kubeaudit/cmd/kubernetes.go:40.16,42.3 1 1
github.com/Shopify/kubeaudit/cmd/kubernetes.go:47.56,48.33 1 6
github.com/Shopify/kubeaudit/cmd/kubernetes.go:52.2,52.53 1 3
github.com/Shopify/kubeaudit/cmd/kubernetes.go:57.2,59.23 3 2
github.com/Shopify/kubeaudit/cmd/kubernetes.go:64.2,65.32 2 1
github.com/Shopify/kubeaudit/cmd/kubernetes.go:48.33,50.3 1 3
github.com/Shopify/kubeaudit/cmd/kubernetes.go:52.53,55.3 2 1
github.com/Shopify/kubeaudit/cmd/kubernetes.go:59.23,62.3 2 1
github.com/Shopify/kubeaudit/cmd/kubernetes.go:68.52,69.58 1 5
github.com/Shopify/kubeaudit/cmd/kubernetes.go:73.2,73.66 1 0
github.com/Shopify/kubeaudit/cmd/kubernetes.go:69.58,72.3 2 5
github.com/Shopify/kubeaudit/cmd/kubernetes.go:76.72,79.16 3 0
github.com/Shopify/kubeaudit/cmd/kubernetes.go:82.2,82.20 1 0
github.com/Shopify/kubeaudit/cmd/kubernetes.go:79.16,81.3 1 0
github.com/Shopify/kubeaudit/cmd/kubernetes.go:85.74,88.16 3 0
github.com/Shopify/kubeaudit/cmd/kubernetes.go:91.2,91.21 1 0
github.com/Shopify/kubeaudit/cmd/kubernetes.go:88.16,90.3 1 0
github.com/Shopify/kubeaudit/cmd/kubernetes.go:94.70,97.16 3 0
github.com/Shopify/kubeaudit/cmd/kubernetes.go:100.2,100.19 1 0
github.com/Shopify/kubeaudit/cmd/kubernetes.go:97.16,99.3 1 0
github.com/Shopify/kubeaudit/cmd/kubernetes.go:103.58,106.16 3 0
github.com/Shopify/kubeaudit/cmd/kubernetes.go:109.2,109.13 1 0
github.com/Shopify/kubeaudit/cmd/kubernetes.go:106.16,108.3 1 0
github.com/Shopify/kubeaudit/cmd/kubernetes.go:112.94,115.16 3 0
github.com/Shopify/kubeaudit/cmd/kubernetes.go:118.2,118.31 1 0
github.com/Shopify/kubeaudit/cmd/kubernetes.go:115.16,117.3 1 0
github.com/Shopify/kubeaudit/cmd/kubernetes.go:121.79,124.16 3 0
github.com/Shopify/kubeaudit/cmd/kubernetes.go:127.2,127.16 1 0
github.com/Shopify/kubeaudit/cmd/kubernetes.go:124.16,126.3 1 0
github.com/Shopify/kubeaudit/cmd/kubernetes.go:130.70,134.32 3 0
github.com/Shopify/kubeaudit/cmd/kubernetes.go:141.2,143.16 2 0
github.com/Shopify/kubeaudit/cmd/kubernetes.go:147.2,147.19 1 0
github.com/Shopify/kubeaudit/cmd/kubernetes.go:134.32,139.3 1 0
github.com/Shopify/kubeaudit/cmd/kubernetes.go:143.16,145.3 1 0
github.com/Shopify/kubeaudit/cmd/kubernetes.go:150.82,153.2 2 1
github.com/Shopify/kubeaudit/cmd/test_util.go:24.116,35.2 10 35
github.com/Shopify/kubeaudit/cmd/test_util.go:37.121,42.25 5 77
github.com/Shopify/kubeaudit/cmd/test_util.go:60.2,65.37 4 77
github.com/Shopify/kubeaudit/cmd/test_util.go:82.2,83.33 2 77
github.com/Shopify/kubeaudit/cmd/test_util.go:89.2,90.35 2 77
github.com/Shopify/kubeaudit/cmd/test_util.go:93.2,93.8 1 77
github.com/Shopify/kubeaudit/cmd/test_util.go:43.43,44.23 1 3
github.com/Shopify/kubeaudit/cmd/test_util.go:47.3,48.27 2 3
github.com/Shopify/kubeaudit/cmd/test_util.go:49.45,50.23 1 5
github.com/Shopify/kubeaudit/cmd/test_util.go:57.3,57.27 1 5
github.com/Shopify/kubeaudit/cmd/test_util.go:44.23,46.4 1 0
github.com/Shopify/kubeaudit/cmd/test_util.go:50.23,52.4 1 2
github.com/Shopify/kubeaudit/cmd/test_util.go:52.9,52.30 1 3
github.com/Shopify/kubeaudit/cmd/test_util.go:52.30,54.4 1 3
github.com/Shopify/kubeaudit/cmd/test_util.go:54.9,56.4 1 0
github.com/Shopify/kubeaudit/cmd/test_util.go:65.37,67.31 2 83
github.com/Shopify/kubeaudit/cmd/test_util.go:78.3,78.48 1 83
github.com/Shopify/kubeaudit/cmd/test_util.go:68.34,69.32 1 75
github.com/Shopify/kubeaudit/cmd/test_util.go:70.44,71.39 1 3
github.com/Shopify/kubeaudit/cmd/test_util.go:72.46,73.40 1 5
github.com/Shopify/kubeaudit/cmd/test_util.go:74.11,76.56 2 0
github.com/Shopify/kubeaudit/cmd/test_util.go:78.48,80.4 1 89
github.com/Shopify/kubeaudit/cmd/test_util.go:83.33,84.49 1 89
github.com/Shopify/kubeaudit/cmd/test_util.go:84.49,86.4 1 147
github.com/Shopify/kubeaudit/cmd/test_util.go:90.35,92.3 1 92
github.com/Shopify/kubeaudit/cmd/test_util.go:96.113,100.2 3 8
github.com/Shopify/kubeaudit/cmd/test_util.go:103.22,105.16 2 2
github.com/Shopify/kubeaudit/cmd/test_util.go:108.2,108.37 1 2
github.com/Shopify/kubeaudit/cmd/test_util.go:114.2,114.12 1 0
github.com/Shopify/kubeaudit/cmd/test_util.go:105.16,107.3 1 0
github.com/Shopify/kubeaudit/cmd/test_util.go:108.37,109.31 1 2
github.com/Shopify/kubeaudit/cmd/test_util.go:110.15,111.12 1 2
github.com/Shopify/kubeaudit/cmd/test_util.go:117.116,123.2 5 2
github.com/Shopify/kubeaudit/cmd/test_util.go:128.54,133.16 5 6
github.com/Shopify/kubeaudit/cmd/test_util.go:136.2,137.16 2 6
github.com/Shopify/kubeaudit/cmd/test_util.go:140.2,141.16 2 6
github.com/Shopify/kubeaudit/cmd/test_util.go:144.2,145.16 2 6
github.com/Shopify/kubeaudit/cmd/test_util.go:148.2,148.28 1 6
github.com/Shopify/kubeaudit/cmd/test_util.go:133.16,135.3 1 0
github.com/Shopify/kubeaudit/cmd/test_util.go:137.16,139.3 1 0
github.com/Shopify/kubeaudit/cmd/test_util.go:141.16,143.3 1 0
github.com/Shopify/kubeaudit/cmd/test_util.go:145.16,147.3 1 0
github.com/Shopify/kubeaudit/cmd/test_util.go:151.49,153.16 2 6
github.com/Shopify/kubeaudit/cmd/test_util.go:157.2,158.16 2 6
github.com/Shopify/kubeaudit/cmd/test_util.go:162.2,165.16 3 6
github.com/Shopify/kubeaudit/cmd/test_util.go:174.2,174.13 1 6
github.com/Shopify/kubeaudit/cmd/test_util.go:153.16,155.3 1 0
github.com/Shopify/kubeaudit/cmd/test_util.go:158.16,160.3 1 0
github.com/Shopify/kubeaudit/cmd/test_util.go:165.16,169.21 4 367
github.com/Shopify/kubeaudit/cmd/test_util.go:169.21,172.4 2 0
github.com/Shopify/kubeaudit/cmd/test_util.go:177.87,185.2 7 3
github.com/Shopify/kubeaudit/cmd/capabilities_fixes.go:3.53,5.52 2 20
github.com/Shopify/kubeaudit/cmd/capabilities_fixes.go:17.2,17.44 1 20
github.com/Shopify/kubeaudit/cmd/capabilities_fixes.go:5.52,6.52 1 28
github.com/Shopify/kubeaudit/cmd/capabilities_fixes.go:9.3,9.57 1 28
github.com/Shopify/kubeaudit/cmd/capabilities_fixes.go:12.3,12.56 1 28
github.com/Shopify/kubeaudit/cmd/capabilities_fixes.go:15.3,15.45 1 28
github.com/Shopify/kubeaudit/cmd/capabilities_fixes.go:6.52,8.4 1 6
github.com/Shopify/kubeaudit/cmd/capabilities_fixes.go:9.57,11.4 1 6
github.com/Shopify/kubeaudit/cmd/capabilities_fixes.go:12.56,14.4 1 12
github.com/Shopify/kubeaudit/cmd/capabilities_fixes.go:20.81,22.52 2 151
github.com/Shopify/kubeaudit/cmd/capabilities_fixes.go:28.2,28.44 1 151
github.com/Shopify/kubeaudit/cmd/capabilities_fixes.go:22.52,23.45 1 259
github.com/Shopify/kubeaudit/cmd/capabilities_fixes.go:26.3,26.45 1 259
github.com/Shopify/kubeaudit/cmd/capabilities_fixes.go:23.45,25.4 1 151
github.com/Shopify/kubeaudit/cmd/capabilities_fixes.go:31.76,33.52 2 3
github.com/Shopify/kubeaudit/cmd/capabilities_fixes.go:45.2,45.44 1 3
github.com/Shopify/kubeaudit/cmd/capabilities_fixes.go:33.52,34.45 1 3
github.com/Shopify/kubeaudit/cmd/capabilities_fixes.go:43.3,43.45 1 3
github.com/Shopify/kubeaudit/cmd/capabilities_fixes.go:34.45,36.67 2 3
github.com/Shopify/kubeaudit/cmd/capabilities_fixes.go:41.4,41.52 1 3
github.com/Shopify/kubeaudit/cmd/capabilities_fixes.go:36.67,37.54 1 5
github.com/Shopify/kubeaudit/cmd/capabilities_fixes.go:37.54,39.6 1 2
github.com/Shopify/kubeaudit/cmd/limits.go:21.44,22.28 1 12
github.com/Shopify/kubeaudit/cmd/limits.go:31.2,31.31 1 12
github.com/Shopify/kubeaudit/cmd/limits.go:22.28,24.17 2 2
github.com/Shopify/kubeaudit/cmd/limits.go:28.3,28.23 1 2
github.com/Shopify/kubeaudit/cmd/limits.go:24.17,27.4 2 0
github.com/Shopify/kubeaudit/cmd/limits.go:31.31,33.17 2 2
github.com/Shopify/kubeaudit/cmd/limits.go:37.3,37.26 1 2
github.com/Shopify/kubeaudit/cmd/limits.go:33.17,36.4 2 0
github.com/Shopify/kubeaudit/cmd/limits.go:41.76,42.39 1 7
github.com/Shopify/kubeaudit/cmd/limits.go:48.2,49.45 2 4
github.com/Shopify/kubeaudit/cmd/limits.go:42.39,46.3 3 3
github.com/Shopify/kubeaudit/cmd/limits.go:52.78,54.32 2 4
github.com/Shopify/kubeaudit/cmd/limits.go:60.2,60.79 1 3
github.com/Shopify/kubeaudit/cmd/limits.go:54.32,58.3 3 1
github.com/Shopify/kubeaudit/cmd/limits.go:60.79,66.3 5 1
github.com/Shopify/kubeaudit/cmd/limits.go:69.81,71.38 2 4
github.com/Shopify/kubeaudit/cmd/limits.go:77.2,77.73 1 3
github.com/Shopify/kubeaudit/cmd/limits.go:71.38,75.3 3 1
github.com/Shopify/kubeaudit/cmd/limits.go:77.73,83.3 5 1
github.com/Shopify/kubeaudit/cmd/limits.go:86.75,89.52 2 7
github.com/Shopify/kubeaudit/cmd/limits.go:101.2,101.8 1 7
github.com/Shopify/kubeaudit/cmd/limits.go:89.52,91.17 2 7
github.com/Shopify/kubeaudit/cmd/limits.go:96.3,97.34 2 7
github.com/Shopify/kubeaudit/cmd/limits.go:91.17,94.4 2 0
github.com/Shopify/kubeaudit/cmd/limits.go:97.34,99.4 1 7
github.com/Shopify/kubeaudit/cmd/limits.go:118.13,122.2 3 1
github.com/Shopify/kubeaudit/cmd/root.go:35.16,36.42 1 0
github.com/Shopify/kubeaudit/cmd/root.go:36.42,39.3 2 0
github.com/Shopify/kubeaudit/cmd/root.go:42.13,53.2 10 1
github.com/Shopify/kubeaudit/cmd/root.go:55.21,56.35 1 1
github.com/Shopify/kubeaudit/cmd/root.go:60.2,60.21 1 1
github.com/Shopify/kubeaudit/cmd/root.go:64.2,64.34 1 1
github.com/Shopify/kubeaudit/cmd/root.go:56.35,59.3 2 0
github.com/Shopify/kubeaudit/cmd/root.go:60.21,62.3 1 0
github.com/Shopify/kubeaudit/cmd/root.go:64.34,66.34 2 0
github.com/Shopify/kubeaudit/cmd/root.go:70.3,72.10 3 0
github.com/Shopify/kubeaudit/cmd/root.go:75.3,75.65 1 0
github.com/Shopify/kubeaudit/cmd/root.go:66.34,68.4 1 0
github.com/Shopify/kubeaudit/cmd/root.go:72.10,74.4 1 0
github.com/Shopify/kubeaudit/cmd/readOnlyRootFilesystem_fixes.go:3.83,5.52 2 11
github.com/Shopify/kubeaudit/cmd/readOnlyRootFilesystem_fixes.go:11.2,11.44 1 11
github.com/Shopify/kubeaudit/cmd/readOnlyRootFilesystem_fixes.go:5.52,6.45 1 19
github.com/Shopify/kubeaudit/cmd/readOnlyRootFilesystem_fixes.go:9.3,9.45 1 19
github.com/Shopify/kubeaudit/cmd/readOnlyRootFilesystem_fixes.go:6.45,8.4 1 11
github.com/Shopify/kubeaudit/cmd/runAsNonRoot_fixes.go:3.73,5.52 2 12
github.com/Shopify/kubeaudit/cmd/runAsNonRoot_fixes.go:11.2,11.44 1 12
github.com/Shopify/kubeaudit/cmd/runAsNonRoot_fixes.go:5.52,6.45 1 20
github.com/Shopify/kubeaudit/cmd/runAsNonRoot_fixes.go:9.3,9.45 1 20
github.com/Shopify/kubeaudit/cmd/runAsNonRoot_fixes.go:6.45,8.4 1 12
github.com/Shopify/kubeaudit/cmd/allowPrivilegeEscalation_fixes.go:3.85,5.52 2 7
github.com/Shopify/kubeaudit/cmd/allowPrivilegeEscalation_fixes.go:11.2,11.44 1 7
github.com/Shopify/kubeaudit/cmd/allowPrivilegeEscalation_fixes.go:5.52,6.45 1 11
github.com/Shopify/kubeaudit/cmd/allowPrivilegeEscalation_fixes.go:9.3,9.45 1 11
github.com/Shopify/kubeaudit/cmd/allowPrivilegeEscalation_fixes.go:6.45,8.4 1 7
github.com/Shopify/kubeaudit/cmd/appArmor_fixes.go:3.46,6.24 2 11
github.com/Shopify/kubeaudit/cmd/appArmor_fixes.go:10.2,10.52 1 11
github.com/Shopify/kubeaudit/cmd/appArmor_fixes.go:17.2,17.49 1 11
github.com/Shopify/kubeaudit/cmd/appArmor_fixes.go:6.24,8.3 1 6
github.com/Shopify/kubeaudit/cmd/appArmor_fixes.go:10.52,12.86 2 19
github.com/Shopify/kubeaudit/cmd/appArmor_fixes.go:12.86,14.4 1 11
github.com/Shopify/kubeaudit/cmd/automountServiceAccountToken_fixes.go:3.57,5.2 1 7
github.com/Shopify/kubeaudit/cmd/automountServiceAccountToken_fixes.go:7.62,9.2 1 1
github.com/Shopify/kubeaudit/cmd/types.go:103.49,104.20 1 172
github.com/Shopify/kubeaudit/cmd/types.go:112.59,113.14 1 165
github.com/Shopify/kubeaudit/cmd/types.go:114.10,115.15 1 7
github.com/Shopify/kubeaudit/cmd/types.go:120.41,121.20 1 62
github.com/Shopify/kubeaudit/cmd/types.go:122.20,123.14 1 3
github.com/Shopify/kubeaudit/cmd/types.go:124.10,125.15 1 59
github.com/Shopify/kubeaudit/cmd/autofix.go:15.40,24.16 5 3
github.com/Shopify/kubeaudit/cmd/autofix.go:27.2,29.16 3 3
github.com/Shopify/kubeaudit/cmd/autofix.go:32.2,34.16 3 3
github.com/Shopify/kubeaudit/cmd/autofix.go:37.2,39.16 3 3
github.com/Shopify/kubeaudit/cmd/autofix.go:42.2,46.36 3 3
github.com/Shopify/kubeaudit/cmd/autofix.go:65.2,65.36 1 3
github.com/Shopify/kubeaudit/cmd/autofix.go:81.2,82.16 2 3
github.com/Shopify/kubeaudit/cmd/autofix.go:85.2,86.16 2 3
github.com/Shopify/kubeaudit/cmd/autofix.go:89.2,90.16 2 3
github.com/Shopify/kubeaudit/cmd/autofix.go:24.16,26.3 1 0
github.com/Shopify/kubeaudit/cmd/autofix.go:29.16,31.3 1 0
github.com/Shopify/kubeaudit/cmd/autofix.go:34.16,36.3 1 0
github.com/Shopify/kubeaudit/cmd/autofix.go:39.16,41.3 1 0
github.com/Shopify/kubeaudit/cmd/autofix.go:46.36,48.17 2 5
github.com/Shopify/kubeaudit/cmd/autofix.go:51.3,52.17 2 5
github.com/Shopify/kubeaudit/cmd/autofix.go:55.3,56.17 2 5
github.com/Shopify/kubeaudit/cmd/autofix.go:59.3,60.17 2 5
github.com/Shopify/kubeaudit/cmd/autofix.go:63.3,63.18 1 5
github.com/Shopify/kubeaudit/cmd/autofix.go:48.17,50.4 1 0
github.com/Shopify/kubeaudit/cmd/autofix.go:52.17,54.4 1 0
github.com/Shopify/kubeaudit/cmd/autofix.go:56.17,58.4 1 0
github.com/Shopify/kubeaudit/cmd/autofix.go:60.17,62.4 1 0
github.com/Shopify/kubeaudit/cmd/autofix.go:65.36,67.17 2 0
github.com/Shopify/kubeaudit/cmd/autofix.go:70.3,71.17 2 0
github.com/Shopify/kubeaudit/cmd/autofix.go:74.3,75.17 2 0
github.com/Shopify/kubeaudit/cmd/autofix.go:78.3,78.18 1 0
github.com/Shopify/kubeaudit/cmd/autofix.go:67.17,69.4 1 0
github.com/Shopify/kubeaudit/cmd/autofix.go:71.17,73.4 1 0
github.com/Shopify/kubeaudit/cmd/autofix.go:75.17,77.4 1 0
github.com/Shopify/kubeaudit/cmd/autofix.go:82.16,84.3 1 0
github.com/Shopify/kubeaudit/cmd/autofix.go:86.16,88.3 1 0
github.com/Shopify/kubeaudit/cmd/autofix.go:90.16,92.3 1 0
github.com/Shopify/kubeaudit/cmd/autofix.go:105.13,107.2 1 1
github.com/Shopify/kubeaudit/cmd/automountServiceAccountToken.go:8.56,10.22 1 22
github.com/Shopify/kubeaudit/cmd/automountServiceAccountToken.go:20.2,20.104 1 20
github.com/Shopify/kubeaudit/cmd/automountServiceAccountToken.go:41.2,41.61 1 16
github.com/Shopify/kubeaudit/cmd/automountServiceAccountToken.go:52.2,52.44 1 14
github.com/Shopify/kubeaudit/cmd/automountServiceAccountToken.go:10.22,18.3 3 2
github.com/Shopify/kubeaudit/cmd/automountServiceAccountToken.go:20.104,21.43 1 4
github.com/Shopify/kubeaudit/cmd/automountServiceAccountToken.go:38.3,38.9 1 4
github.com/Shopify/kubeaudit/cmd/automountServiceAccountToken.go:21.43,29.4 2 2
github.com/Shopify/kubeaudit/cmd/automountServiceAccountToken.go:29.9,37.4 2 2
github.com/Shopify/kubeaudit/cmd/automountServiceAccountToken.go:41.61,50.3 3 2
github.com/Shopify/kubeaudit/cmd/automountServiceAccountToken.go:52.44,61.3 3 11
github.com/Shopify/kubeaudit/cmd/automountServiceAccountToken.go:64.78,66.16 2 24
github.com/Shopify/kubeaudit/cmd/automountServiceAccountToken.go:71.2,72.33 2 22
github.com/Shopify/kubeaudit/cmd/automountServiceAccountToken.go:75.2,75.8 1 22
github.com/Shopify/kubeaudit/cmd/automountServiceAccountToken.go:66.16,69.3 2 2
github.com/Shopify/kubeaudit/cmd/automountServiceAccountToken.go:72.33,74.3 1 19
github.com/Shopify/kubeaudit/cmd/automountServiceAccountToken.go:96.13,98.2 1 1
github.com/Shopify/kubeaudit/cmd/networkPolicies.go:10.83,11.50 1 8
github.com/Shopify/kubeaudit/cmd/networkPolicies.go:16.2,16.14 1 2
github.com/Shopify/kubeaudit/cmd/networkPolicies.go:11.50,12.36 1 10
github.com/Shopify/kubeaudit/cmd/networkPolicies.go:12.36,14.4 1 6
github.com/Shopify/kubeaudit/cmd/networkPolicies.go:20.77,24.50 2 5
github.com/Shopify/kubeaudit/cmd/networkPolicies.go:29.2,29.55 1 4
github.com/Shopify/kubeaudit/cmd/networkPolicies.go:34.2,34.77 1 4
github.com/Shopify/kubeaudit/cmd/networkPolicies.go:39.2,39.75 1 4
github.com/Shopify/kubeaudit/cmd/networkPolicies.go:43.2,43.52 1 4
github.com/Shopify/kubeaudit/cmd/networkPolicies.go:24.50,26.3 1 1
github.com/Shopify/kubeaudit/cmd/networkPolicies.go:29.55,31.3 1 0
github.com/Shopify/kubeaudit/cmd/networkPolicies.go:34.77,36.3 1 3
github.com/Shopify/kubeaudit/cmd/networkPolicies.go:39.75,41.3 1 3
github.com/Shopify/kubeaudit/cmd/networkPolicies.go:46.82,49.39 2 8
github.com/Shopify/kubeaudit/cmd/networkPolicies.go:98.2,98.53 1 8
github.com/Shopify/kubeaudit/cmd/networkPolicies.go:125.2,125.51 1 8
github.com/Shopify/kubeaudit/cmd/networkPolicies.go:135.2,135.8 1 8
github.com/Shopify/kubeaudit/cmd/networkPolicies.go:49.39,51.54 1 6
github.com/Shopify/kubeaudit/cmd/networkPolicies.go:66.3,66.47 1 6
github.com/Shopify/kubeaudit/cmd/networkPolicies.go:82.3,82.45 1 6
github.com/Shopify/kubeaudit/cmd/networkPolicies.go:51.54,56.30 2 5
github.com/Shopify/kubeaudit/cmd/networkPolicies.go:61.4,61.29 1 5
github.com/Shopify/kubeaudit/cmd/networkPolicies.go:56.30,58.5 1 5
github.com/Shopify/kubeaudit/cmd/networkPolicies.go:61.29,63.5 1 5
github.com/Shopify/kubeaudit/cmd/networkPolicies.go:66.47,68.32 1 2
github.com/Shopify/kubeaudit/cmd/networkPolicies.go:68.32,79.5 2 1
github.com/Shopify/kubeaudit/cmd/networkPolicies.go:82.45,84.29 1 1
github.com/Shopify/kubeaudit/cmd/networkPolicies.go:84.29,95.5 2 1
github.com/Shopify/kubeaudit/cmd/networkPolicies.go:98.53,106.3 2 4
github.com/Shopify/kubeaudit/cmd/networkPolicies.go:106.8,106.35 1 4
github.com/Shopify/kubeaudit/cmd/networkPolicies.go:106.35,114.3 2 1
github.com/Shopify/kubeaudit/cmd/networkPolicies.go:114.8,114.34 1 3
github.com/Shopify/kubeaudit/cmd/networkPolicies.go:114.34,123.3 2 1
github.com/Shopify/kubeaudit/cmd/networkPolicies.go:125.51,133.3 2 2
github.com/Shopify/kubeaudit/cmd/networkPolicies.go:138.97,141.31 2 8
github.com/Shopify/kubeaudit/cmd/networkPolicies.go:159.2,161.16 3 0
github.com/Shopify/kubeaudit/cmd/networkPolicies.go:165.2,165.21 1 0
github.com/Shopify/kubeaudit/cmd/networkPolicies.go:169.2,172.24 3 0
github.com/Shopify/kubeaudit/cmd/networkPolicies.go:141.31,143.17 2 8
github.com/Shopify/kubeaudit/cmd/networkPolicies.go:147.3,147.38 1 8
github.com/Shopify/kubeaudit/cmd/networkPolicies.go:156.3,156.25 1 8
github.com/Shopify/kubeaudit/cmd/networkPolicies.go:143.17,145.4 1 0
github.com/Shopify/kubeaudit/cmd/networkPolicies.go:147.38,148.39 1 14
github.com/Shopify/kubeaudit/cmd/networkPolicies.go:149.26,150.54 1 6
github.com/Shopify/kubeaudit/cmd/networkPolicies.go:150.54,152.6 1 6
github.com/Shopify/kubeaudit/cmd/networkPolicies.go:161.16,163.3 1 0
github.com/Shopify/kubeaudit/cmd/networkPolicies.go:165.21,167.3 1 0
github.com/Shopify/kubeaudit/cmd/networkPolicies.go:175.49,178.8 3 26
github.com/Shopify/kubeaudit/cmd/networkPolicies.go:181.2,181.13 1 26
github.com/Shopify/kubeaudit/cmd/networkPolicies.go:178.8,180.3 1 11
github.com/Shopify/kubeaudit/cmd/networkPolicies.go:184.65,188.18 2 23
github.com/Shopify/kubeaudit/cmd/networkPolicies.go:193.2,194.16 2 8
github.com/Shopify/kubeaudit/cmd/networkPolicies.go:200.2,201.16 2 8
github.com/Shopify/kubeaudit/cmd/networkPolicies.go:206.2,207.33 2 8
github.com/Shopify/kubeaudit/cmd/networkPolicies.go:211.2,211.8 1 8
github.com/Shopify/kubeaudit/cmd/networkPolicies.go:188.18,190.3 1 15
github.com/Shopify/kubeaudit/cmd/networkPolicies.go:194.16,197.3 2 0
github.com/Shopify/kubeaudit/cmd/networkPolicies.go:201.16,204.3 2 0
github.com/Shopify/kubeaudit/cmd/networkPolicies.go:207.33,209.3 1 8
github.com/Shopify/kubeaudit/cmd/networkPolicies.go:229.13,231.2 1 1
github.com/Shopify/kubeaudit/cmd/readOnlyRootFilesystem.go:8.65,9.104 1 22
github.com/Shopify/kubeaudit/cmd/readOnlyRootFilesystem.go:46.2,46.8 1 22
github.com/Shopify/kubeaudit/cmd/readOnlyRootFilesystem.go:9.104,10.160 1 4
github.com/Shopify/kubeaudit/cmd/readOnlyRootFilesystem.go:10.160,19.4 2 2
github.com/Shopify/kubeaudit/cmd/readOnlyRootFilesystem.go:19.9,28.4 2 2
github.com/Shopify/kubeaudit/cmd/readOnlyRootFilesystem.go:29.8,29.104 1 18
github.com/Shopify/kubeaudit/cmd/readOnlyRootFilesystem.go:29.104,37.3 2 16
github.com/Shopify/kubeaudit/cmd/readOnlyRootFilesystem.go:37.8,37.63 1 2
github.com/Shopify/kubeaudit/cmd/readOnlyRootFilesystem.go:37.63,45.3 2 2
github.com/Shopify/kubeaudit/cmd/readOnlyRootFilesystem.go:49.64,50.52 1 23
github.com/Shopify/kubeaudit/cmd/readOnlyRootFilesystem.go:62.2,62.8 1 23
github.com/Shopify/kubeaudit/cmd/readOnlyRootFilesystem.go:50.52,52.17 2 22
github.com/Shopify/kubeaudit/cmd/readOnlyRootFilesystem.go:57.3,58.34 2 22
github.com/Shopify/kubeaudit/cmd/readOnlyRootFilesystem.go:52.17,55.4 2 0
github.com/Shopify/kubeaudit/cmd/readOnlyRootFilesystem.go:58.34,60.4 1 22
github.com/Shopify/kubeaudit/cmd/readOnlyRootFilesystem.go:79.13,81.2 1 1
github.com/Shopify/kubeaudit/cmd/result.go:31.27,32.38 1 0
github.com/Shopify/kubeaudit/cmd/result.go:32.38,33.57 1 0
github.com/Shopify/kubeaudit/cmd/result.go:33.57,35.20 2 0
github.com/Shopify/kubeaudit/cmd/result.go:36.15,37.30 1 0
github.com/Shopify/kubeaudit/cmd/result.go:38.14,39.29 1 0
github.com/Shopify/kubeaudit/cmd/result.go:40.14,41.29 1 0
github.com/Shopify/kubeaudit/cmd/result.go:42.15,43.30 1 0
github.com/Shopify/kubeaudit/cmd/result.go:49.67,52.43 3 0
github.com/Shopify/kubeaudit/cmd/result.go:58.2,58.33 1 0
github.com/Shopify/kubeaudit/cmd/result.go:61.2,61.29 1 0
github.com/Shopify/kubeaudit/cmd/result.go:65.2,65.72 1 0
github.com/Shopify/kubeaudit/cmd/result.go:69.2,69.8 1 0
github.com/Shopify/kubeaudit/cmd/result.go:52.43,54.77 2 0
github.com/Shopify/kubeaudit/cmd/result.go:54.77,56.4 1 0
github.com/Shopify/kubeaudit/cmd/result.go:58.33,60.3 1 0
github.com/Shopify/kubeaudit/cmd/result.go:61.29,63.3 1 0
github.com/Shopify/kubeaudit/cmd/result.go:65.72,67.3 1 0
github.com/Shopify/kubeaudit/cmd/result.go:72.44,74.13 2 0
github.com/Shopify/kubeaudit/cmd/result.go:90.2,90.8 1 0
github.com/Shopify/kubeaudit/cmd/result.go:75.42,77.34 2 0
github.com/Shopify/kubeaudit/cmd/result.go:78.24,78.24 0 0
github.com/Shopify/kubeaudit/cmd/result.go:79.28,79.28 0 0
github.com/Shopify/kubeaudit/cmd/result.go:80.30,82.41 2 0
github.com/Shopify/kubeaudit/cmd/result.go:83.39,85.43 2 0
github.com/Shopify/kubeaudit/cmd/result.go:86.42,88.43 2 0
github.com/Shopify/kubeaudit/cmd/result.go:93.68,95.31 2 26
github.com/Shopify/kubeaudit/cmd/result.go:101.2,101.8 1 26
github.com/Shopify/kubeaudit/cmd/result.go:95.31,96.67 1 31
github.com/Shopify/kubeaudit/cmd/result.go:96.67,99.4 2 6
github.com/Shopify/kubeaudit/cmd/securitycontext_fixes.go:3.56,5.52 2 70
github.com/Shopify/kubeaudit/cmd/securitycontext_fixes.go:11.2,11.44 1 70
github.com/Shopify/kubeaudit/cmd/securitycontext_fixes.go:5.52,6.39 1 110
github.com/Shopify/kubeaudit/cmd/securitycontext_fixes.go:9.3,9.45 1 110
github.com/Shopify/kubeaudit/cmd/securitycontext_fixes.go:6.39,8.4 1 9
github.com/Shopify/kubeaudit/cmd/version.go:18.13,20.2 1 1
github.com/Shopify/kubeaudit/cmd/version.go:26.47,28.17 2 1
github.com/Shopify/kubeaudit/cmd/version.go:32.3,38.23 2 1
github.com/Shopify/kubeaudit/cmd/version.go:28.17,31.4 2 0
github.com/Shopify/kubeaudit/cmd/version.go:42.27,44.16 2 1
github.com/Shopify/kubeaudit/cmd/version.go:48.2,49.16 2 0
github.com/Shopify/kubeaudit/cmd/version.go:53.2,57.38 1 0
github.com/Shopify/kubeaudit/cmd/version.go:44.16,46.3 1 1
github.com/Shopify/kubeaudit/cmd/version.go:49.16,51.3 1 0
github.com/Shopify/kubeaudit/cmd/debugHook.go:13.32,16.2 2 0
github.com/Shopify/kubeaudit/cmd/debugHook.go:19.56,21.16 2 0
github.com/Shopify/kubeaudit/cmd/debugHook.go:26.2,26.21 1 0
github.com/Shopify/kubeaudit/cmd/debugHook.go:21.16,24.3 2 0
github.com/Shopify/kubeaudit/cmd/debugHook.go:27.25,29.13 2 0
github.com/Shopify/kubeaudit/cmd/debugHook.go:30.10,31.13 1 0
github.com/Shopify/kubeaudit/cmd/debugHook.go:37.48,39.2 1 0
github.com/Shopify/kubeaudit/cmd/image.go:18.43,20.21 2 13
github.com/Shopify/kubeaudit/cmd/image.go:23.2,23.21 1 13
github.com/Shopify/kubeaudit/cmd/image.go:20.21,22.3 1 13
github.com/Shopify/kubeaudit/cmd/image.go:23.21,25.3 1 8
github.com/Shopify/kubeaudit/cmd/image.go:28.72,35.29 6 5
github.com/Shopify/kubeaudit/cmd/image.go:46.2,46.64 1 2
github.com/Shopify/kubeaudit/cmd/image.go:57.2,57.64 1 1
github.com/Shopify/kubeaudit/cmd/image.go:35.29,44.3 3 3
github.com/Shopify/kubeaudit/cmd/image.go:46.64,55.3 3 1
github.com/Shopify/kubeaudit/cmd/image.go:57.64,66.3 3 1
github.com/Shopify/kubeaudit/cmd/image.go:69.72,70.52 1 5
github.com/Shopify/kubeaudit/cmd/image.go:82.2,82.8 1 5
github.com/Shopify/kubeaudit/cmd/image.go:70.52,72.17 2 5
github.com/Shopify/kubeaudit/cmd/image.go:77.3,78.34 2 5
github.com/Shopify/kubeaudit/cmd/image.go:72.17,75.4 2 0
github.com/Shopify/kubeaudit/cmd/image.go:78.34,80.4 1 5
github.com/Shopify/kubeaudit/cmd/image.go:98.13,101.2 2 1
github.com/Shopify/kubeaudit/cmd/k8sruntime_util.go:13.74,14.30 1 287
github.com/Shopify/kubeaudit/cmd/k8sruntime_util.go:49.2,49.17 1 0
github.com/Shopify/kubeaudit/cmd/k8sruntime_util.go:15.23,17.28 2 25
github.com/Shopify/kubeaudit/cmd/k8sruntime_util.go:18.20,20.28 2 8
github.com/Shopify/kubeaudit/cmd/k8sruntime_util.go:21.25,23.28 2 0
github.com/Shopify/kubeaudit/cmd/k8sruntime_util.go:24.36,26.28 2 0
github.com/Shopify/kubeaudit/cmd/k8sruntime_util.go:27.21,29.28 2 146
github.com/Shopify/kubeaudit/cmd/k8sruntime_util.go:30.26,32.28 2 46
github.com/Shopify/kubeaudit/cmd/k8sruntime_util.go:33.26,35.28 2 44
github.com/Shopify/kubeaudit/cmd/k8sruntime_util.go:36.14,38.28 2 1
github.com/Shopify/kubeaudit/cmd/k8sruntime_util.go:39.32,41.28 2 5
github.com/Shopify/kubeaudit/cmd/k8sruntime_util.go:42.22,44.28 2 12
github.com/Shopify/kubeaudit/cmd/k8sruntime_util.go:45.27,47.28 2 0
github.com/Shopify/kubeaudit/cmd/k8sruntime_util.go:52.74,55.30 3 3
github.com/Shopify/kubeaudit/cmd/k8sruntime_util.go:66.2,66.17 1 0
github.com/Shopify/kubeaudit/cmd/k8sruntime_util.go:56.24,61.37 5 3
github.com/Shopify/kubeaudit/cmd/k8sruntime_util.go:64.3,64.28 1 3
github.com/Shopify/kubeaudit/cmd/k8sruntime_util.go:61.37,63.4 1 6
github.com/Shopify/kubeaudit/cmd/k8sruntime_util.go:69.45,70.30 1 1
github.com/Shopify/kubeaudit/cmd/k8sruntime_util.go:105.2,105.17 1 0
github.com/Shopify/kubeaudit/cmd/k8sruntime_util.go:71.23,73.28 2 0
github.com/Shopify/kubeaudit/cmd/k8sruntime_util.go:74.20,76.28 2 0
github.com/Shopify/kubeaudit/cmd/k8sruntime_util.go:77.25,79.28 2 0
github.com/Shopify/kubeaudit/cmd/k8sruntime_util.go:80.36,82.28 2 0
github.com/Shopify/kubeaudit/cmd/k8sruntime_util.go:83.21,85.28 2 0
github.com/Shopify/kubeaudit/cmd/k8sruntime_util.go:86.26,88.28 2 0
github.com/Shopify/kubeaudit/cmd/k8sruntime_util.go:89.26,91.28 2 0
github.com/Shopify/kubeaudit/cmd/k8sruntime_util.go:92.14,94.28 2 0
github.com/Shopify/kubeaudit/cmd/k8sruntime_util.go:95.32,97.28 2 1
github.com/Shopify/kubeaudit/cmd/k8sruntime_util.go:98.22,100.28 2 0
github.com/Shopify/kubeaudit/cmd/k8sruntime_util.go:101.27,103.28 2 0
github.com/Shopify/kubeaudit/cmd/k8sruntime_util.go:108.50,110.7 2 7
github.com/Shopify/kubeaudit/cmd/k8sruntime_util.go:115.2,115.30 1 7
github.com/Shopify/kubeaudit/cmd/k8sruntime_util.go:150.2,150.17 1 0
github.com/Shopify/kubeaudit/cmd/k8sruntime_util.go:110.7,112.3 1 0
github.com/Shopify/kubeaudit/cmd/k8sruntime_util.go:112.8,114.3 1 7
github.com/Shopify/kubeaudit/cmd/k8sruntime_util.go:116.23,118.28 2 1
github.com/Shopify/kubeaudit/cmd/k8sruntime_util.go:119.20,121.28 2 0
github.com/Shopify/kubeaudit/cmd/k8sruntime_util.go:122.25,124.28 2 0
github.com/Shopify/kubeaudit/cmd/k8sruntime_util.go:125.36,127.28 2 0
github.com/Shopify/kubeaudit/cmd/k8sruntime_util.go:128.21,130.28 2 3
github.com/Shopify/kubeaudit/cmd/k8sruntime_util.go:131.26,133.28 2 1
github.com/Shopify/kubeaudit/cmd/k8sruntime_util.go:134.26,136.28 2 0
github.com/Shopify/kubeaudit/cmd/k8sruntime_util.go:137.14,139.28 2 0
github.com/Shopify/kubeaudit/cmd/k8sruntime_util.go:140.32,142.28 2 2
github.com/Shopify/kubeaudit/cmd/k8sruntime_util.go:143.22,145.28 2 0
github.com/Shopify/kubeaudit/cmd/k8sruntime_util.go:146.27,148.28 2 0
github.com/Shopify/kubeaudit/cmd/k8sruntime_util.go:153.83,154.37 1 25
github.com/Shopify/kubeaudit/cmd/k8sruntime_util.go:189.2,189.17 1 0
github.com/Shopify/kubeaudit/cmd/k8sruntime_util.go:155.23,157.35 2 2
github.com/Shopify/kubeaudit/cmd/k8sruntime_util.go:158.20,160.35 2 0
github.com/Shopify/kubeaudit/cmd/k8sruntime_util.go:161.25,163.35 2 0
github.com/Shopify/kubeaudit/cmd/k8sruntime_util.go:164.36,166.35 2 0
github.com/Shopify/kubeaudit/cmd/k8sruntime_util.go:167.21,169.35 2 12
github.com/Shopify/kubeaudit/cmd/k8sruntime_util.go:170.26,172.35 2 4
github.com/Shopify/kubeaudit/cmd/k8sruntime_util.go:173.26,175.35 2 0
github.com/Shopify/kubeaudit/cmd/k8sruntime_util.go:176.14,178.35 2 7
github.com/Shopify/kubeaudit/cmd/k8sruntime_util.go:179.32,181.35 2 0
github.com/Shopify/kubeaudit/cmd/k8sruntime_util.go:182.22,184.35 2 0
github.com/Shopify/kubeaudit/cmd/k8sruntime_util.go:185.27,187.35 2 0
github.com/Shopify/kubeaudit/cmd/k8sruntime_util.go:192.65,193.37 1 672
github.com/Shopify/kubeaudit/cmd/k8sruntime_util.go:217.2,217.18 1 672
github.com/Shopify/kubeaudit/cmd/k8sruntime_util.go:194.23,195.70 1 36
github.com/Shopify/kubeaudit/cmd/k8sruntime_util.go:196.20,197.53 1 35
github.com/Shopify/kubeaudit/cmd/k8sruntime_util.go:198.25,199.53 1 0
github.com/Shopify/kubeaudit/cmd/k8sruntime_util.go:200.36,201.53 1 10
github.com/Shopify/kubeaudit/cmd/k8sruntime_util.go:202.21,203.53 1 233
github.com/Shopify/kubeaudit/cmd/k8sruntime_util.go:204.26,205.53 1 71
github.com/Shopify/kubeaudit/cmd/k8sruntime_util.go:206.26,207.53 1 78
github.com/Shopify/kubeaudit/cmd/k8sruntime_util.go:208.14,209.39 1 65
github.com/Shopify/kubeaudit/cmd/k8sruntime_util.go:210.32,211.53 1 17
github.com/Shopify/kubeaudit/cmd/k8sruntime_util.go:212.22,213.53 1 58
github.com/Shopify/kubeaudit/cmd/k8sruntime_util.go:214.27,215.53 1 8
github.com/Shopify/kubeaudit/cmd/k8sruntime_util.go:222.57,223.37 1 29
github.com/Shopify/kubeaudit/cmd/k8sruntime_util.go:227.2,227.16 1 29
github.com/Shopify/kubeaudit/cmd/k8sruntime_util.go:224.14,225.26 1 7
github.com/Shopify/kubeaudit/cmd/k8sruntime_util.go:230.75,231.37 1 65
github.com/Shopify/kubeaudit/cmd/k8sruntime_util.go:255.2,255.8 1 65
github.com/Shopify/kubeaudit/cmd/k8sruntime_util.go:232.23,233.84 1 4
github.com/Shopify/kubeaudit/cmd/k8sruntime_util.go:234.20,235.67 1 0
github.com/Shopify/kubeaudit/cmd/k8sruntime_util.go:236.25,237.67 1 0
github.com/Shopify/kubeaudit/cmd/k8sruntime_util.go:238.36,239.67 1 0
github.com/Shopify/kubeaudit/cmd/k8sruntime_util.go:240.21,241.67 1 20
github.com/Shopify/kubeaudit/cmd/k8sruntime_util.go:242.26,243.67 1 8
github.com/Shopify/kubeaudit/cmd/k8sruntime_util.go:244.26,245.67 1 0
github.com/Shopify/kubeaudit/cmd/k8sruntime_util.go:246.14,247.53 1 27
github.com/Shopify/kubeaudit/cmd/k8sruntime_util.go:248.32,249.67 1 0
github.com/Shopify/kubeaudit/cmd/k8sruntime_util.go:250.22,251.67 1 0
github.com/Shopify/kubeaudit/cmd/k8sruntime_util.go:252.27,253.67 1 0
github.com/Shopify/kubeaudit/cmd/k8sruntime_util.go:259.73,264.16 5 6
github.com/Shopify/kubeaudit/cmd/k8sruntime_util.go:267.2,267.15 1 6
github.com/Shopify/kubeaudit/cmd/k8sruntime_util.go:283.2,283.12 1 6
github.com/Shopify/kubeaudit/cmd/k8sruntime_util.go:264.16,266.3 1 0
github.com/Shopify/kubeaudit/cmd/k8sruntime_util.go:267.15,269.17 2 6
github.com/Shopify/kubeaudit/cmd/k8sruntime_util.go:269.17,271.4 1 0
github.com/Shopify/kubeaudit/cmd/k8sruntime_util.go:272.8,274.17 2 0
github.com/Shopify/kubeaudit/cmd/k8sruntime_util.go:277.3,279.17 3 0
github.com/Shopify/kubeaudit/cmd/k8sruntime_util.go:274.17,276.4 1 0
github.com/Shopify/kubeaudit/cmd/k8sruntime_util.go:279.17,281.4 1 0
github.com/Shopify/kubeaudit/cmd/runAsNonRoot.go:9.66,10.84 1 27
github.com/Shopify/kubeaudit/cmd/runAsNonRoot.go:47.2,47.8 1 27
github.com/Shopify/kubeaudit/cmd/runAsNonRoot.go:10.84,11.140 1 4
github.com/Shopify/kubeaudit/cmd/runAsNonRoot.go:11.140,20.4 2 2
github.com/Shopify/kubeaudit/cmd/runAsNonRoot.go:20.9,29.4 2 2
github.com/Shopify/kubeaudit/cmd/runAsNonRoot.go:30.8,30.94 1 23
github.com/Shopify/kubeaudit/cmd/runAsNonRoot.go:30.94,38.3 2 14
github.com/Shopify/kubeaudit/cmd/runAsNonRoot.go:38.8,38.61 1 9
github.com/Shopify/kubeaudit/cmd/runAsNonRoot.go:38.61,46.3 2 5
github.com/Shopify/kubeaudit/cmd/runAsNonRoot.go:52.84,53.84 1 3
github.com/Shopify/kubeaudit/cmd/runAsNonRoot.go:85.2,85.8 1 3
github.com/Shopify/kubeaudit/cmd/runAsNonRoot.go:53.84,54.134 1 1
github.com/Shopify/kubeaudit/cmd/runAsNonRoot.go:54.134,64.4 2 1
github.com/Shopify/kubeaudit/cmd/runAsNonRoot.go:64.9,74.4 2 0
github.com/Shopify/kubeaudit/cmd/runAsNonRoot.go:75.8,75.59 1 2
github.com/Shopify/kubeaudit/cmd/runAsNonRoot.go:75.59,84.3 2 2
github.com/Shopify/kubeaudit/cmd/runAsNonRoot.go:88.62,91.52 2 29
github.com/Shopify/kubeaudit/cmd/runAsNonRoot.go:108.2,108.8 1 29
github.com/Shopify/kubeaudit/cmd/runAsNonRoot.go:91.52,93.17 2 30
github.com/Shopify/kubeaudit/cmd/runAsNonRoot.go:99.3,99.41 1 30
github.com/Shopify/kubeaudit/cmd/runAsNonRoot.go:104.3,104.34 1 30
github.com/Shopify/kubeaudit/cmd/runAsNonRoot.go:93.17,96.4 2 0
github.com/Shopify/kubeaudit/cmd/runAsNonRoot.go:99.41,101.4 1 27
github.com/Shopify/kubeaudit/cmd/runAsNonRoot.go:101.9,103.4 1 3
github.com/Shopify/kubeaudit/cmd/runAsNonRoot.go:104.34,106.4 1 26
github.com/Shopify/kubeaudit/cmd/runAsNonRoot.go:126.13,128.2 1 1
github.com/Shopify/kubeaudit/cmd/seccomp_fixes.go:7.45,10.24 2 14
github.com/Shopify/kubeaudit/cmd/seccomp_fixes.go:14.2,19.15 4 14
github.com/Shopify/kubeaudit/cmd/seccomp_fixes.go:26.2,26.52 1 14
github.com/Shopify/kubeaudit/cmd/seccomp_fixes.go:39.2,39.49 1 14
github.com/Shopify/kubeaudit/cmd/seccomp_fixes.go:10.24,12.3 1 1
github.com/Shopify/kubeaudit/cmd/seccomp_fixes.go:19.15,21.3 1 7
github.com/Shopify/kubeaudit/cmd/seccomp_fixes.go:26.52,30.61 3 26
github.com/Shopify/kubeaudit/cmd/seccomp_fixes.go:30.61,31.68 1 3
github.com/Shopify/kubeaudit/cmd/seccomp_fixes.go:31.68,33.5 1 2
github.com/Shopify/kubeaudit/cmd/seccomp_fixes.go:33.10,35.5 1 1
github.com/Shopify/kubeaudit/cmd/util.go:22.22,25.2 2 23
github.com/Shopify/kubeaudit/cmd/util.go:27.23,29.2 1 29
github.com/Shopify/kubeaudit/cmd/util.go:31.19,32.35 1 0
github.com/Shopify/kubeaudit/cmd/util.go:32.35,36.3 3 0
github.com/Shopify/kubeaudit/cmd/util.go:39.67,41.2 1 0
github.com/Shopify/kubeaudit/cmd/util.go:43.75,45.2 1 0
github.com/Shopify/kubeaudit/cmd/util.go:47.64,49.37 2 210
github.com/Shopify/kubeaudit/cmd/util.go:113.2,113.20 1 204
github.com/Shopify/kubeaudit/cmd/util.go:50.23,54.40 4 8
github.com/Shopify/kubeaudit/cmd/util.go:55.20,59.40 4 11
github.com/Shopify/kubeaudit/cmd/util.go:60.25,64.40 4 0
github.com/Shopify/kubeaudit/cmd/util.go:65.36,69.40 4 5
github.com/Shopify/kubeaudit/cmd/util.go:70.21,74.40 4 66
github.com/Shopify/kubeaudit/cmd/util.go:75.26,79.40 4 24
github.com/Shopify/kubeaudit/cmd/util.go:80.26,84.40 4 14
github.com/Shopify/kubeaudit/cmd/util.go:85.14,89.40 4 25
github.com/Shopify/kubeaudit/cmd/util.go:90.32,94.40 4 12
github.com/Shopify/kubeaudit/cmd/util.go:95.22,99.40 4 18
github.com/Shopify/kubeaudit/cmd/util.go:100.27,104.40 4 4
github.com/Shopify/kubeaudit/cmd/util.go:105.20,109.40 4 17
github.com/Shopify/kubeaudit/cmd/util.go:110.10,111.104 1 6
github.com/Shopify/kubeaudit/cmd/util.go:116.86,118.16 2 24
github.com/Shopify/kubeaudit/cmd/util.go:122.2,122.37 1 22
github.com/Shopify/kubeaudit/cmd/util.go:172.2,172.20 1 22
github.com/Shopify/kubeaudit/cmd/util.go:118.16,120.3 1 2
github.com/Shopify/kubeaudit/cmd/util.go:123.23,126.91 3 1
github.com/Shopify/kubeaudit/cmd/util.go:127.25,130.74 3 0
github.com/Shopify/kubeaudit/cmd/util.go:131.20,134.74 3 0
github.com/Shopify/kubeaudit/cmd/util.go:135.26,138.74 3 2
github.com/Shopify/kubeaudit/cmd/util.go:139.26,142.74 3 0
github.com/Shopify/kubeaudit/cmd/util.go:143.21,146.74 3 4
github.com/Shopify/kubeaudit/cmd/util.go:147.36,150.74 3 0
github.com/Shopify/kubeaudit/cmd/util.go:151.14,154.60 3 0
github.com/Shopify/kubeaudit/cmd/util.go:155.32,158.74 3 12
github.com/Shopify/kubeaudit/cmd/util.go:159.27,162.74 3 0
github.com/Shopify/kubeaudit/cmd/util.go:163.22,166.74 3 0
github.com/Shopify/kubeaudit/cmd/util.go:167.20,169.28 1 3
github.com/Shopify/kubeaudit/cmd/util.go:175.79,176.58 1 0
github.com/Shopify/kubeaudit/cmd/util.go:181.2,181.59 1 0
github.com/Shopify/kubeaudit/cmd/util.go:186.2,186.52 1 0
github.com/Shopify/kubeaudit/cmd/util.go:191.2,191.70 1 0
github.com/Shopify/kubeaudit/cmd/util.go:196.2,196.60 1 0
github.com/Shopify/kubeaudit/cmd/util.go:201.2,201.58 1 0
github.com/Shopify/kubeaudit/cmd/util.go:207.2,207.8 1 0
github.com/Shopify/kubeaudit/cmd/util.go:176.58,177.51 1 0
github.com/Shopify/kubeaudit/cmd/util.go:177.51,179.4 1 0
github.com/Shopify/kubeaudit/cmd/util.go:181.59,182.51 1 0
github.com/Shopify/kubeaudit/cmd/util.go:182.51,184.4 1 0
github.com/Shopify/kubeaudit/cmd/util.go:186.52,187.51 1 0
github.com/Shopify/kubeaudit/cmd/util.go:187.51,189.4 1 0
github.com/Shopify/kubeaudit/cmd/util.go:191.70,192.51 1 0
github.com/Shopify/kubeaudit/cmd/util.go:192.51,194.4 1 0
github.com/Shopify/kubeaudit/cmd/util.go:196.60,197.51 1 0
github.com/Shopify/kubeaudit/cmd/util.go:197.51,199.4 1 0
github.com/Shopify/kubeaudit/cmd/util.go:201.58,202.51 1 0
github.com/Shopify/kubeaudit/cmd/util.go:202.51,204.4 1 0
github.com/Shopify/kubeaudit/cmd/util.go:210.78,212.16 2 11
github.com/Shopify/kubeaudit/cmd/util.go:216.2,217.14 2 11
github.com/Shopify/kubeaudit/cmd/util.go:221.2,223.12 3 11
github.com/Shopify/kubeaudit/cmd/util.go:212.16,215.3 2 0
github.com/Shopify/kubeaudit/cmd/util.go:217.14,219.3 1 5
github.com/Shopify/kubeaudit/cmd/util.go:226.79,227.62 1 5
github.com/Shopify/kubeaudit/cmd/util.go:231.2,231.12 1 5
github.com/Shopify/kubeaudit/cmd/util.go:227.62,230.3 2 0
github.com/Shopify/kubeaudit/cmd/util.go:234.49,236.52 2 155
github.com/Shopify/kubeaudit/cmd/util.go:242.2,242.13 1 154
github.com/Shopify/kubeaudit/cmd/util.go:236.52,237.28 1 140
github.com/Shopify/kubeaudit/cmd/util.go:240.3,240.31 1 139
github.com/Shopify/kubeaudit/cmd/util.go:237.28,239.4 1 1
github.com/Shopify/kubeaudit/cmd/util.go:245.80,248.16 2 143
github.com/Shopify/kubeaudit/cmd/util.go:252.2,256.29 3 143
github.com/Shopify/kubeaudit/cmd/util.go:272.2,272.8 1 142
github.com/Shopify/kubeaudit/cmd/util.go:248.16,251.3 2 0
github.com/Shopify/kubeaudit/cmd/util.go:256.29,258.31 2 194
github.com/Shopify/kubeaudit/cmd/util.go:258.31,259.37 1 159
github.com/Shopify/kubeaudit/cmd/util.go:265.4,265.32 1 155
github.com/Shopify/kubeaudit/cmd/util.go:269.4,269.34 1 154
github.com/Shopify/kubeaudit/cmd/util.go:259.37,262.13 3 4
github.com/Shopify/kubeaudit/cmd/util.go:265.32,268.5 2 1
github.com/Shopify/kubeaudit/cmd/util.go:275.55,276.31 1 0
github.com/Shopify/kubeaudit/cmd/util.go:283.2,283.8 1 0
github.com/Shopify/kubeaudit/cmd/util.go:276.31,278.3 1 0
github.com/Shopify/kubeaudit/cmd/util.go:278.8,279.44 1 0
github.com/Shopify/kubeaudit/cmd/util.go:279.44,281.4 1 0
github.com/Shopify/kubeaudit/cmd/util.go:286.21,287.21 1 0
github.com/Shopify/kubeaudit/cmd/util.go:287.21,289.3 1 0
github.com/Shopify/kubeaudit/cmd/util.go:292.53,293.26 1 0
github.com/Shopify/kubeaudit/cmd/util.go:303.2,303.12 1 0
github.com/Shopify/kubeaudit/cmd/util.go:294.68,295.30 1 0
github.com/Shopify/kubeaudit/cmd/util.go:298.3,299.30 2 0
github.com/Shopify/kubeaudit/cmd/util.go:295.30,297.4 1 0
github.com/Shopify/kubeaudit/cmd/util.go:299.30,301.4 1 0
github.com/Shopify/kubeaudit/cmd/util.go:306.71,310.12 4 147
github.com/Shopify/kubeaudit/cmd/util.go:312.2,312.37 1 147
github.com/Shopify/kubeaudit/cmd/util.go:330.2,334.42 4 147
github.com/Shopify/kubeaudit/cmd/util.go:337.2,337.16 1 147
github.com/Shopify/kubeaudit/cmd/util.go:310.12,310.44 1 147
github.com/Shopify/kubeaudit/cmd/util.go:312.37,314.30 2 147
github.com/Shopify/kubeaudit/cmd/util.go:314.30,315.33 1 147
github.com/Shopify/kubeaudit/cmd/util.go:326.4,326.13 1 147
github.com/Shopify/kubeaudit/cmd/util.go:316.52,317.54 1 143
github.com/Shopify/kubeaudit/cmd/util.go:318.68,319.65 1 2
github.com/Shopify/kubeaudit/cmd/util.go:320.71,321.67 1 2
github.com/Shopify/kubeaudit/cmd/util.go:322.12,324.57 2 0
github.com/Shopify/kubeaudit/cmd/util.go:334.42,336.3 1 114
github.com/Shopify/kubeaudit/cmd/util.go:340.78,341.49 1 12
github.com/Shopify/kubeaudit/cmd/util.go:341.49,342.48 1 0
github.com/Shopify/kubeaudit/cmd/util.go:346.3,348.17 3 0
github.com/Shopify/kubeaudit/cmd/util.go:353.3,354.34 2 0
github.com/Shopify/kubeaudit/cmd/util.go:342.48,345.4 2 0
github.com/Shopify/kubeaudit/cmd/util.go:348.17,352.4 3 0
github.com/Shopify/kubeaudit/cmd/util.go:354.34,356.4 1 0
github.com/Shopify/kubeaudit/cmd/util.go:360.99,361.52 1 13
github.com/Shopify/kubeaudit/cmd/util.go:361.52,362.43 1 12
github.com/Shopify/kubeaudit/cmd/util.go:367.3,367.17 1 12
github.com/Shopify/kubeaudit/cmd/util.go:362.43,363.70 1 112
github.com/Shopify/kubeaudit/cmd/util.go:363.70,365.5 1 79
github.com/Shopify/kubeaudit/cmd/util.go:371.43,372.39 1 36
github.com/Shopify/kubeaudit/cmd/util.go:375.2,375.15 1 30
github.com/Shopify/kubeaudit/cmd/util.go:372.39,374.3 1 6
github.com/Shopify/kubeaudit/cmd/util.go:378.68,379.87 1 30
github.com/Shopify/kubeaudit/cmd/util.go:382.2,382.83 1 17
github.com/Shopify/kubeaudit/cmd/util.go:385.2,385.14 1 3
github.com/Shopify/kubeaudit/cmd/util.go:379.87,381.3 1 13
github.com/Shopify/kubeaudit/cmd/util.go:382.83,384.3 1 14
